13:11:36.081 [main] INFO  org.springframework.test.context.support.AbstractTestContextBootstrapper.buildDefaultMergedContextConfiguration(AbstractTestContextBootstrapper.java:308) - Neither @ContextConfiguration nor @ContextHierarchy found for test class [com.example.demo.Test], using SpringBootContextLoader
13:11:36.088 [main] INFO  org.springframework.test.context.support.AbstractContextLoader.generateDefaultLocations(AbstractContextLoader.java:264) - Could not detect default resource locations for test class [com.example.demo.Test]: no resource found for suffixes {-context.xml, Context.groovy}.
13:11:36.089 [main] INFO  org.springframework.test.context.support.AnnotationConfigContextLoaderUtils.detectDefaultConfigurationClasses(AnnotationConfigContextLoaderUtils.java:83) - Could not detect default configuration classes for test class [com.example.demo.Test]: Test does not declare any static, non-private, non-final, nested classes annotated with @Configuration.
13:11:36.149 [main] INFO  org.springframework.boot.test.context.SpringBootTestContextBootstrapper.getOrFindConfigurationClasses(SpringBootTestContextBootstrapper.java:247) - Found @SpringBootConfiguration com.example.demo.DemoApplication for test class com.example.demo.Test
13:11:36.207 [main] INFO  org.springframework.test.context.support.AbstractTestContextBootstrapper.getDefaultTestExecutionListenerClassNames(AbstractTestContextBootstrapper.java:248) - Loaded default TestExecutionListener class names from location [META-INF/spring.factories]: [org.springframework.boot.test.mock.mockito.MockitoTestExecutionListener, org.springframework.boot.test.mock.mockito.ResetMocksTestExecutionListener, org.springframework.boot.test.autoconfigure.restdocs.RestDocsTestExecutionListener, org.springframework.boot.test.autoconfigure.web.client.MockRestServiceServerResetTestExecutionListener, org.springframework.boot.test.autoconfigure.web.servlet.MockMvcPrintOnlyOnFailureTestExecutionListener, org.springframework.boot.test.autoconfigure.web.servlet.WebDriverTestExecutionListener, org.springframework.test.context.web.ServletTestExecutionListener, org.springframework.test.context.support.DirtiesContextBeforeModesTestExecutionListener, org.springframework.test.context.support.DependencyInjectionTestExecutionListener, org.springframework.test.context.support.DirtiesContextTestExecutionListener, org.springframework.test.context.transaction.TransactionalTestExecutionListener, org.springframework.test.context.jdbc.SqlScriptsTestExecutionListener]
13:11:36.218 [main] INFO  org.springframework.test.context.support.AbstractTestContextBootstrapper.getTestExecutionListeners(AbstractTestContextBootstrapper.java:177) - Using TestExecutionListeners: [org.springframework.test.context.web.ServletTestExecutionListener@35dab4eb, org.springframework.test.context.support.DirtiesContextBeforeModesTestExecutionListener@2d901eb0, org.springframework.boot.test.mock.mockito.MockitoTestExecutionListener@3ba987b8, org.springframework.boot.test.autoconfigure.SpringBootDependencyInjectionTestExecutionListener@3f191845, org.springframework.test.context.support.DirtiesContextTestExecutionListener@5f049ea1, org.springframework.test.context.transaction.TransactionalTestExecutionListener@72cc7e6f, org.springframework.test.context.jdbc.SqlScriptsTestExecutionListener@5afa3c9, org.springframework.boot.test.mock.mockito.ResetMocksTestExecutionListener@72035809, org.springframework.boot.test.autoconfigure.restdocs.RestDocsTestExecutionListener@909217e, org.springframework.boot.test.autoconfigure.web.client.MockRestServiceServerResetTestExecutionListener@18271936, org.springframework.boot.test.autoconfigure.web.servlet.MockMvcPrintOnlyOnFailureTestExecutionListener@606e4010, org.springframework.boot.test.autoconfigure.web.servlet.WebDriverTestExecutionListener@8458f04]
13:11:36.425 [main] INFO  org.springframework.boot.StartupInfoLogger.logStarting(StartupInfoLogger.java:50) - Starting Test on dell-Precision-7820-Tower with PID 30778 (started by wangzhenjiang in /home/wangzhenjiang/eclipse-workspace/demo)
13:11:36.427 [main] INFO  org.springframework.boot.SpringApplication.logStartupProfileInfo(SpringApplication.java:675) - No active profile set, falling back to default profiles: default
13:11:37.661 [main] INFO  org.springframework.scheduling.concurrent.ExecutorConfigurationSupport.initialize(ExecutorConfigurationSupport.java:171) - Initializing ExecutorService 'applicationTaskExecutor'
13:11:37.912 [main] INFO  org.springframework.scheduling.concurrent.ExecutorConfigurationSupport.initialize(ExecutorConfigurationSupport.java:171) - Initializing ExecutorService 'taskScheduler'
13:11:38.181 [main] INFO  org.springframework.boot.StartupInfoLogger.logStarted(StartupInfoLogger.java:59) - Started Test in 1.938 seconds (JVM running for 2.525)
13:11:38.355 [DefaultMessageListenerContainer-1] WARN  org.springframework.jms.listener.AbstractMessageListenerContainer.invokeErrorHandler(AbstractMessageListenerContainer.java:929) - Execution of JMS message listener failed, and no ErrorHandler has been set.
org.springframework.jms.listener.adapter.ListenerExecutionFailedException: Listener method could not be invoked with incoming message
Endpoint handler details:
Method [public void com.example.demo.service.Impl.ActiveMqconsumer.receiveQueue(com.example.demo.pojo.Message)]
Bean [com.example.demo.service.Impl.ActiveMqconsumer@62e6a3ec]
; nested exception is org.springframework.messaging.converter.MessageConversionException: Cannot convert from [java.lang.String] to [com.example.demo.pojo.Message] for org.springframework.jms.listener.adapter.AbstractAdaptableMessageListener$MessagingMessageConverterAdapter$LazyResolutionMessage@4e2c8537, failedMessage=org.springframework.jms.listener.adapter.AbstractAdaptableMessageListener$MessagingMessageConverterAdapter$LazyResolutionMessage@4e2c8537
	at org.springframework.jms.listener.adapter.MessagingMessageListenerAdapter.invokeHandler(MessagingMessageListenerAdapter.java:118) ~[spring-jms-5.1.2.RELEASE.jar:5.1.2.RELEASE]
	at org.springframework.jms.listener.adapter.MessagingMessageListenerAdapter.onMessage(MessagingMessageListenerAdapter.java:77) ~[spring-jms-5.1.2.RELEASE.jar:5.1.2.RELEASE]
	at org.springframework.jms.listener.AbstractMessageListenerContainer.doInvokeListener(AbstractMessageListenerContainer.java:736) ~[spring-jms-5.1.2.RELEASE.jar:5.1.2.RELEASE]
	at org.springframework.jms.listener.AbstractMessageListenerContainer.invokeListener(AbstractMessageListenerContainer.java:696) [spring-jms-5.1.2.RELEASE.jar:5.1.2.RELEASE]
	at org.springframework.jms.listener.AbstractMessageListenerContainer.doExecuteListener(AbstractMessageListenerContainer.java:674) [spring-jms-5.1.2.RELEASE.jar:5.1.2.RELEASE]
	at org.springframework.jms.listener.AbstractPollingMessageListenerContainer.doReceiveAndExecute(AbstractPollingMessageListenerContainer.java:318) [spring-jms-5.1.2.RELEASE.jar:5.1.2.RELEASE]
	at org.springframework.jms.listener.AbstractPollingMessageListenerContainer.receiveAndExecute(AbstractPollingMessageListenerContainer.java:257) [spring-jms-5.1.2.RELEASE.jar:5.1.2.RELEASE]
	at org.springframework.jms.listener.DefaultMessageListenerContainer$AsyncMessageListenerInvoker.invokeListener(DefaultMessageListenerContainer.java:1189) [spring-jms-5.1.2.RELEASE.jar:5.1.2.RELEASE]
	at org.springframework.jms.listener.DefaultMessageListenerContainer$AsyncMessageListenerInvoker.executeOngoingLoop(DefaultMessageListenerContainer.java:1179) [spring-jms-5.1.2.RELEASE.jar:5.1.2.RELEASE]
	at org.springframework.jms.listener.DefaultMessageListenerContainer$AsyncMessageListenerInvoker.run(DefaultMessageListenerContainer.java:1076) [spring-jms-5.1.2.RELEASE.jar:5.1.2.RELEASE]
	at java.lang.Thread.run(Thread.java:748) [?:1.8.0_191]
Caused by: org.springframework.messaging.converter.MessageConversionException: Cannot convert from [java.lang.String] to [com.example.demo.pojo.Message] for org.springframework.jms.listener.adapter.AbstractAdaptableMessageListener$MessagingMessageConverterAdapter$LazyResolutionMessage@4e2c8537
	at org.springframework.messaging.handler.annotation.support.PayloadArgumentResolver.resolveArgument(PayloadArgumentResolver.java:144) ~[spring-messaging-5.1.2.RELEASE.jar:5.1.2.RELEASE]
	at org.springframework.messaging.handler.invocation.HandlerMethodArgumentResolverComposite.resolveArgument(HandlerMethodArgumentResolverComposite.java:114) ~[spring-messaging-5.1.2.RELEASE.jar:5.1.2.RELEASE]
	at org.springframework.messaging.handler.invocation.InvocableHandlerMethod.getMethodArgumentValues(InvocableHandlerMethod.java:145) ~[spring-messaging-5.1.2.RELEASE.jar:5.1.2.RELEASE]
	at org.springframework.messaging.handler.invocation.InvocableHandlerMethod.invoke(InvocableHandlerMethod.java:114) ~[spring-messaging-5.1.2.RELEASE.jar:5.1.2.RELEASE]
	at org.springframework.jms.listener.adapter.MessagingMessageListenerAdapter.invokeHandler(MessagingMessageListenerAdapter.java:114) ~[spring-jms-5.1.2.RELEASE.jar:5.1.2.RELEASE]
	... 10 more
13:11:38.357 [Thread-4] INFO  org.springframework.scheduling.concurrent.ExecutorConfigurationSupport.shutdown(ExecutorConfigurationSupport.java:208) - Shutting down ExecutorService 'taskScheduler'
13:11:38.360 [Thread-4] INFO  org.springframework.scheduling.concurrent.ExecutorConfigurationSupport.shutdown(ExecutorConfigurationSupport.java:208) - Shutting down ExecutorService 'applicationTaskExecutor'
