13:06:50.633 [main] INFO  org.springframework.test.context.support.AbstractTestContextBootstrapper.buildDefaultMergedContextConfiguration(AbstractTestContextBootstrapper.java:308) - Neither @ContextConfiguration nor @ContextHierarchy found for test class [com.example.demo.Test], using SpringBootContextLoader
13:06:50.640 [main] INFO  org.springframework.test.context.support.AbstractContextLoader.generateDefaultLocations(AbstractContextLoader.java:264) - Could not detect default resource locations for test class [com.example.demo.Test]: no resource found for suffixes {-context.xml, Context.groovy}.
13:06:50.640 [main] INFO  org.springframework.test.context.support.AnnotationConfigContextLoaderUtils.detectDefaultConfigurationClasses(AnnotationConfigContextLoaderUtils.java:83) - Could not detect default configuration classes for test class [com.example.demo.Test]: Test does not declare any static, non-private, non-final, nested classes annotated with @Configuration.
13:06:50.702 [main] INFO  org.springframework.boot.test.context.SpringBootTestContextBootstrapper.getOrFindConfigurationClasses(SpringBootTestContextBootstrapper.java:247) - Found @SpringBootConfiguration com.example.demo.DemoApplication for test class com.example.demo.Test
13:06:50.756 [main] INFO  org.springframework.test.context.support.AbstractTestContextBootstrapper.getDefaultTestExecutionListenerClassNames(AbstractTestContextBootstrapper.java:248) - Loaded default TestExecutionListener class names from location [META-INF/spring.factories]: [org.springframework.boot.test.mock.mockito.MockitoTestExecutionListener, org.springframework.boot.test.mock.mockito.ResetMocksTestExecutionListener, org.springframework.boot.test.autoconfigure.restdocs.RestDocsTestExecutionListener, org.springframework.boot.test.autoconfigure.web.client.MockRestServiceServerResetTestExecutionListener, org.springframework.boot.test.autoconfigure.web.servlet.MockMvcPrintOnlyOnFailureTestExecutionListener, org.springframework.boot.test.autoconfigure.web.servlet.WebDriverTestExecutionListener, org.springframework.test.context.web.ServletTestExecutionListener, org.springframework.test.context.support.DirtiesContextBeforeModesTestExecutionListener, org.springframework.test.context.support.DependencyInjectionTestExecutionListener, org.springframework.test.context.support.DirtiesContextTestExecutionListener, org.springframework.test.context.transaction.TransactionalTestExecutionListener, org.springframework.test.context.jdbc.SqlScriptsTestExecutionListener]
13:06:50.765 [main] INFO  org.springframework.test.context.support.AbstractTestContextBootstrapper.getTestExecutionListeners(AbstractTestContextBootstrapper.java:177) - Using TestExecutionListeners: [org.springframework.test.context.web.ServletTestExecutionListener@35dab4eb, org.springframework.test.context.support.DirtiesContextBeforeModesTestExecutionListener@2d901eb0, org.springframework.boot.test.mock.mockito.MockitoTestExecutionListener@3ba987b8, org.springframework.boot.test.autoconfigure.SpringBootDependencyInjectionTestExecutionListener@3f191845, org.springframework.test.context.support.DirtiesContextTestExecutionListener@5f049ea1, org.springframework.test.context.transaction.TransactionalTestExecutionListener@72cc7e6f, org.springframework.test.context.jdbc.SqlScriptsTestExecutionListener@5afa3c9, org.springframework.boot.test.mock.mockito.ResetMocksTestExecutionListener@72035809, org.springframework.boot.test.autoconfigure.restdocs.RestDocsTestExecutionListener@909217e, org.springframework.boot.test.autoconfigure.web.client.MockRestServiceServerResetTestExecutionListener@18271936, org.springframework.boot.test.autoconfigure.web.servlet.MockMvcPrintOnlyOnFailureTestExecutionListener@606e4010, org.springframework.boot.test.autoconfigure.web.servlet.WebDriverTestExecutionListener@8458f04]
13:06:50.971 [main] INFO  org.springframework.boot.StartupInfoLogger.logStarting(StartupInfoLogger.java:50) - Starting Test on dell-Precision-7820-Tower with PID 30312 (started by wangzhenjiang in /home/wangzhenjiang/eclipse-workspace/demo)
13:06:50.973 [main] INFO  org.springframework.boot.SpringApplication.logStartupProfileInfo(SpringApplication.java:675) - No active profile set, falling back to default profiles: default
13:06:52.267 [main] INFO  org.springframework.scheduling.concurrent.ExecutorConfigurationSupport.initialize(ExecutorConfigurationSupport.java:171) - Initializing ExecutorService 'applicationTaskExecutor'
13:06:52.529 [main] INFO  org.springframework.scheduling.concurrent.ExecutorConfigurationSupport.initialize(ExecutorConfigurationSupport.java:171) - Initializing ExecutorService 'taskScheduler'
13:06:52.798 [main] INFO  org.springframework.boot.StartupInfoLogger.logStarted(StartupInfoLogger.java:59) - Started Test in 2.008 seconds (JVM running for 2.605)
13:06:52.814 [main] ERROR org.springframework.test.context.TestContextManager.prepareTestInstance(TestContextManager.java:250) - Caught exception while allowing TestExecutionListener [org.springframework.boot.test.autoconfigure.SpringBootDependencyInjectionTestExecutionListener@3f191845] to prepare test instance [com.example.demo.Test@24569dba]
org.springframework.beans.factory.BeanCreationException: Error creating bean with name 'com.example.demo.Test': Injection of resource dependencies failed; nested exception is org.springframework.beans.factory.NoSuchBeanDefinitionException: No qualifying bean of type 'com.example.demo.service.MessageService' available: expected at least 1 bean which qualifies as autowire candidate. Dependency annotations: {@javax.annotation.Resource(shareable=true, lookup=, name=, description=, authenticationType=CONTAINER, type=class java.lang.Object, mappedName=)}
	at org.springframework.context.annotation.CommonAnnotationBeanPostProcessor.postProcessProperties(CommonAnnotationBeanPostProcessor.java:324) ~[spring-context-5.1.2.RELEASE.jar:5.1.2.RELEASE]
	at org.springframework.beans.factory.support.AbstractAutowireCapableBeanFactory.populateBean(AbstractAutowireCapableBeanFactory.java:1378) ~[spring-beans-5.1.2.RELEASE.jar:5.1.2.RELEASE]
	at org.springframework.beans.factory.support.AbstractAutowireCapableBeanFactory.autowireBeanProperties(AbstractAutowireCapableBeanFactory.java:396) ~[spring-beans-5.1.2.RELEASE.jar:5.1.2.RELEASE]
	at org.springframework.test.context.support.DependencyInjectionTestExecutionListener.injectDependencies(DependencyInjectionTestExecutionListener.java:119) ~[spring-test-5.1.2.RELEASE.jar:5.1.2.RELEASE]
	at org.springframework.test.context.support.DependencyInjectionTestExecutionListener.prepareTestInstance(DependencyInjectionTestExecutionListener.java:83) ~[spring-test-5.1.2.RELEASE.jar:5.1.2.RELEASE]
	at org.springframework.boot.test.autoconfigure.SpringBootDependencyInjectionTestExecutionListener.prepareTestInstance(SpringBootDependencyInjectionTestExecutionListener.java:44) ~[spring-boot-test-autoconfigure-2.1.0.RELEASE.jar:2.1.0.RELEASE]
	at org.springframework.test.context.TestContextManager.prepareTestInstance(TestContextManager.java:246) [spring-test-5.1.2.RELEASE.jar:5.1.2.RELEASE]
	at org.springframework.test.context.junit4.SpringJUnit4ClassRunner.createTest(SpringJUnit4ClassRunner.java:227) [spring-test-5.1.2.RELEASE.jar:5.1.2.RELEASE]
	at org.springframework.test.context.junit4.SpringJUnit4ClassRunner$1.runReflectiveCall(SpringJUnit4ClassRunner.java:289) [spring-test-5.1.2.RELEASE.jar:5.1.2.RELEASE]
	at org.junit.internal.runners.model.ReflectiveCallable.run(ReflectiveCallable.java:12) [junit-4.12.jar:4.12]
	at org.springframework.test.context.junit4.SpringJUnit4ClassRunner.methodBlock(SpringJUnit4ClassRunner.java:291) [spring-test-5.1.2.RELEASE.jar:5.1.2.RELEASE]
	at org.springframework.test.context.junit4.SpringJUnit4ClassRunner.runChild(SpringJUnit4ClassRunner.java:246) [spring-test-5.1.2.RELEASE.jar:5.1.2.RELEASE]
	at org.springframework.test.context.junit4.SpringJUnit4ClassRunner.runChild(SpringJUnit4ClassRunner.java:97) [spring-test-5.1.2.RELEASE.jar:5.1.2.RELEASE]
	at org.junit.runners.ParentRunner$3.run(ParentRunner.java:290) [junit-4.12.jar:4.12]
	at org.junit.runners.ParentRunner$1.schedule(ParentRunner.java:71) [junit-4.12.jar:4.12]
	at org.junit.runners.ParentRunner.runChildren(ParentRunner.java:288) [junit-4.12.jar:4.12]
	at org.junit.runners.ParentRunner.access$000(ParentRunner.java:58) [junit-4.12.jar:4.12]
	at org.junit.runners.ParentRunner$2.evaluate(ParentRunner.java:268) [junit-4.12.jar:4.12]
	at org.springframework.test.context.junit4.statements.RunBeforeTestClassCallbacks.evaluate(RunBeforeTestClassCallbacks.java:61) [spring-test-5.1.2.RELEASE.jar:5.1.2.RELEASE]
	at org.springframework.test.context.junit4.statements.RunAfterTestClassCallbacks.evaluate(RunAfterTestClassCallbacks.java:70) [spring-test-5.1.2.RELEASE.jar:5.1.2.RELEASE]
	at org.junit.runners.ParentRunner.run(ParentRunner.java:363) [junit-4.12.jar:4.12]
	at org.springframework.test.context.junit4.SpringJUnit4ClassRunner.run(SpringJUnit4ClassRunner.java:190) [spring-test-5.1.2.RELEASE.jar:5.1.2.RELEASE]
	at org.eclipse.jdt.internal.junit4.runner.JUnit4TestReference.run(JUnit4TestReference.java:89) [.cp/:?]
	at org.eclipse.jdt.internal.junit.runner.TestExecution.run(TestExecution.java:41) [.cp/:?]
	at org.eclipse.jdt.internal.junit.runner.RemoteTestRunner.runTests(RemoteTestRunner.java:541) [.cp/:?]
	at org.eclipse.jdt.internal.junit.runner.RemoteTestRunner.runTests(RemoteTestRunner.java:763) [.cp/:?]
	at org.eclipse.jdt.internal.junit.runner.RemoteTestRunner.run(RemoteTestRunner.java:463) [.cp/:?]
	at org.eclipse.jdt.internal.junit.runner.RemoteTestRunner.main(RemoteTestRunner.java:209) [.cp/:?]
Caused by: org.springframework.beans.factory.NoSuchBeanDefinitionException: No qualifying bean of type 'com.example.demo.service.MessageService' available: expected at least 1 bean which qualifies as autowire candidate. Dependency annotations: {@javax.annotation.Resource(shareable=true, lookup=, name=, description=, authenticationType=CONTAINER, type=class java.lang.Object, mappedName=)}
	at org.springframework.beans.factory.support.DefaultListableBeanFactory.raiseNoMatchingBeanFound(DefaultListableBeanFactory.java:1646) ~[spring-beans-5.1.2.RELEASE.jar:5.1.2.RELEASE]
	at org.springframework.beans.factory.support.DefaultListableBeanFactory.doResolveDependency(DefaultListableBeanFactory.java:1205) ~[spring-beans-5.1.2.RELEASE.jar:5.1.2.RELEASE]
	at org.springframework.beans.factory.support.DefaultListableBeanFactory.resolveDependency(DefaultListableBeanFactory.java:1166) ~[spring-beans-5.1.2.RELEASE.jar:5.1.2.RELEASE]
	at org.springframework.context.annotation.CommonAnnotationBeanPostProcessor.autowireResource(CommonAnnotationBeanPostProcessor.java:518) ~[spring-context-5.1.2.RELEASE.jar:5.1.2.RELEASE]
	at org.springframework.context.annotation.CommonAnnotationBeanPostProcessor.getResource(CommonAnnotationBeanPostProcessor.java:496) ~[spring-context-5.1.2.RELEASE.jar:5.1.2.RELEASE]
	at org.springframework.context.annotation.CommonAnnotationBeanPostProcessor$ResourceElement.getResourceToInject(CommonAnnotationBeanPostProcessor.java:630) ~[spring-context-5.1.2.RELEASE.jar:5.1.2.RELEASE]
	at org.springframework.beans.factory.annotation.InjectionMetadata$InjectedElement.inject(InjectionMetadata.java:180) ~[spring-beans-5.1.2.RELEASE.jar:5.1.2.RELEASE]
	at org.springframework.beans.factory.annotation.InjectionMetadata.inject(InjectionMetadata.java:90) ~[spring-beans-5.1.2.RELEASE.jar:5.1.2.RELEASE]
	at org.springframework.context.annotation.CommonAnnotationBeanPostProcessor.postProcessProperties(CommonAnnotationBeanPostProcessor.java:321) ~[spring-context-5.1.2.RELEASE.jar:5.1.2.RELEASE]
	... 27 more
13:06:53.824 [Thread-4] INFO  org.springframework.scheduling.concurrent.ExecutorConfigurationSupport.shutdown(ExecutorConfigurationSupport.java:208) - Shutting down ExecutorService 'taskScheduler'
13:06:53.826 [Thread-4] INFO  org.springframework.scheduling.concurrent.ExecutorConfigurationSupport.shutdown(ExecutorConfigurationSupport.java:208) - Shutting down ExecutorService 'applicationTaskExecutor'
