17:14:00.476 [scheduling-1] INFO  com.example.demo.common.TestTask.runCurrent(TestTask.java:31) - 2018-11-28 17:14:00 quartz is running...
17:14:10.271 [Thread-3] INFO  org.springframework.scheduling.concurrent.ExecutorConfigurationSupport.shutdown(ExecutorConfigurationSupport.java:208) - Shutting down ExecutorService 'taskScheduler'
17:14:10.272 [Thread-3] INFO  org.springframework.scheduling.concurrent.ExecutorConfigurationSupport.shutdown(ExecutorConfigurationSupport.java:208) - Shutting down ExecutorService 'applicationTaskExecutor'
17:14:10.326 [Thread-3] INFO  com.example.demo.common.UserListener.contextDestroyed(UserListener.java:28) - ServletContext 上下文销毁
17:14:39.696 [main] INFO  org.springframework.boot.StartupInfoLogger.logStarting(StartupInfoLogger.java:50) - Starting DemoApplication on dell-Precision-7820-Tower with PID 10573 (/home/wangzhenjiang/eclipse-workspace/demo/target/classes started by wangzhenjiang in /home/wangzhenjiang/eclipse-workspace/demo)
17:14:39.698 [main] INFO  org.springframework.boot.SpringApplication.logStartupProfileInfo(SpringApplication.java:675) - No active profile set, falling back to default profiles: default
17:14:40.509 [main] INFO  org.springframework.boot.web.embedded.tomcat.TomcatWebServer.initialize(TomcatWebServer.java:90) - Tomcat initialized with port(s): 8080 (http)
17:14:40.522 [main] INFO  org.apache.juli.logging.DirectJDKLog.log(DirectJDKLog.java:173) - Initializing ProtocolHandler ["http-nio-8080"]
17:14:40.526 [main] INFO  org.apache.juli.logging.DirectJDKLog.log(DirectJDKLog.java:173) - Starting service [Tomcat]
17:14:40.527 [main] INFO  org.apache.juli.logging.DirectJDKLog.log(DirectJDKLog.java:173) - Starting Servlet Engine: Apache Tomcat/9.0.12
17:14:40.533 [main] INFO  org.apache.juli.logging.DirectJDKLog.log(DirectJDKLog.java:173) - The APR based Apache Tomcat Native library which allows optimal performance in production environments was not found on the java.library.path: [/usr/java/packages/lib/amd64:/usr/lib64:/lib64:/lib:/usr/lib]
17:14:40.578 [main] INFO  org.apache.juli.logging.DirectJDKLog.log(DirectJDKLog.java:173) - Initializing Spring embedded WebApplicationContext
17:14:40.579 [main] INFO  org.springframework.boot.web.servlet.context.ServletWebServerApplicationContext.prepareWebApplicationContext(ServletWebServerApplicationContext.java:285) - Root WebApplicationContext: initialization completed in 819 ms
17:14:40.659 [main] INFO  org.springframework.boot.web.servlet.ServletRegistrationBean.addRegistration(ServletRegistrationBean.java:186) - Servlet dispatcherServlet mapped to [/]
17:14:40.661 [main] INFO  org.springframework.boot.web.servlet.AbstractFilterRegistrationBean.configure(AbstractFilterRegistrationBean.java:248) - Mapping filter: 'characterEncodingFilter' to: [/*]
17:14:40.661 [main] INFO  org.springframework.boot.web.servlet.AbstractFilterRegistrationBean.configure(AbstractFilterRegistrationBean.java:248) - Mapping filter: 'hiddenHttpMethodFilter' to: [/*]
17:14:40.661 [main] INFO  org.springframework.boot.web.servlet.AbstractFilterRegistrationBean.configure(AbstractFilterRegistrationBean.java:248) - Mapping filter: 'formContentFilter' to: [/*]
17:14:40.661 [main] INFO  org.springframework.boot.web.servlet.AbstractFilterRegistrationBean.configure(AbstractFilterRegistrationBean.java:248) - Mapping filter: 'requestContextFilter' to: [/*]
17:14:40.661 [main] INFO  org.springframework.boot.web.servlet.AbstractFilterRegistrationBean.configure(AbstractFilterRegistrationBean.java:261) - Mapping filter: 'userFilter' to urls: [/*]
17:14:40.671 [main] INFO  com.example.demo.common.UserListener.contextInitialized(UserListener.java:19) - ServletContext 上下文初始化
17:14:40.673 [main] INFO  com.example.demo.common.UserFilter.init(UserFilter.java:25) - ------------>> init
17:14:40.827 [main] INFO  org.springframework.scheduling.concurrent.ExecutorConfigurationSupport.initialize(ExecutorConfigurationSupport.java:171) - Initializing ExecutorService 'applicationTaskExecutor'
17:14:40.941 [main] INFO  org.springframework.scheduling.concurrent.ExecutorConfigurationSupport.initialize(ExecutorConfigurationSupport.java:171) - Initializing ExecutorService 'taskScheduler'
17:14:40.984 [main] INFO  org.apache.juli.logging.DirectJDKLog.log(DirectJDKLog.java:173) - Starting ProtocolHandler ["http-nio-8080"]
17:14:40.988 [main] INFO  org.apache.juli.logging.DirectJDKLog.log(DirectJDKLog.java:173) - Using a shared selector for servlet write/read
17:14:41.002 [main] INFO  org.springframework.boot.web.embedded.tomcat.TomcatWebServer.start(TomcatWebServer.java:204) - Tomcat started on port(s): 8080 (http) with context path ''
17:14:41.004 [main] INFO  org.springframework.boot.StartupInfoLogger.logStarted(StartupInfoLogger.java:59) - Started DemoApplication in 1.506 seconds (JVM running for 1.899)
