16:38:18.673 [main] INFO  org.springframework.boot.StartupInfoLogger.logStarting(StartupInfoLogger.java:50) - Starting DemoApplication on dell-Precision-7820-Tower with PID 39112 (/home/wangzhenjiang/eclipse-workspace/demo/target/classes started by wangzhenjiang in /home/wangzhenjiang/eclipse-workspace/demo)
16:38:18.679 [main] INFO  org.springframework.boot.SpringApplication.logStartupProfileInfo(SpringApplication.java:675) - No active profile set, falling back to default profiles: default
16:38:20.530 [main] INFO  org.springframework.context.support.PostProcessorRegistrationDelegate$BeanPostProcessorChecker.postProcessAfterInitialization(PostProcessorRegistrationDelegate.java:330) - Bean 'org.springframework.retry.annotation.RetryConfiguration' of type [org.springframework.retry.annotation.RetryConfiguration$$EnhancerBySpringCGLIB$$3e17df38] is not eligible for getting processed by all BeanPostProcessors (for example: not eligible for auto-proxying)
16:38:20.851 [main] INFO  org.springframework.boot.web.embedded.tomcat.TomcatWebServer.initialize(TomcatWebServer.java:90) - Tomcat initialized with port(s): 8080 (http)
16:38:20.865 [main] INFO  org.apache.juli.logging.DirectJDKLog.log(DirectJDKLog.java:173) - Initializing ProtocolHandler ["http-nio-8080"]
16:38:20.870 [main] INFO  org.apache.juli.logging.DirectJDKLog.log(DirectJDKLog.java:173) - Starting service [Tomcat]
16:38:20.870 [main] INFO  org.apache.juli.logging.DirectJDKLog.log(DirectJDKLog.java:173) - Starting Servlet Engine: Apache Tomcat/9.0.12
16:38:20.876 [main] INFO  org.apache.juli.logging.DirectJDKLog.log(DirectJDKLog.java:173) - The APR based Apache Tomcat Native library which allows optimal performance in production environments was not found on the java.library.path: [/usr/java/packages/lib/amd64:/usr/lib64:/lib64:/lib:/usr/lib]
16:38:20.924 [main] INFO  org.apache.juli.logging.DirectJDKLog.log(DirectJDKLog.java:173) - Initializing Spring embedded WebApplicationContext
16:38:20.925 [main] INFO  org.springframework.boot.web.servlet.context.ServletWebServerApplicationContext.prepareWebApplicationContext(ServletWebServerApplicationContext.java:285) - Root WebApplicationContext: initialization completed in 2212 ms
16:38:21.367 [main] INFO  org.springframework.boot.web.servlet.AbstractFilterRegistrationBean.configure(AbstractFilterRegistrationBean.java:248) - Mapping filter: 'characterEncodingFilter' to: [/*]
16:38:21.368 [main] INFO  org.springframework.boot.web.servlet.AbstractFilterRegistrationBean.configure(AbstractFilterRegistrationBean.java:248) - Mapping filter: 'webMvcMetricsFilter' to: [/*]
16:38:21.368 [main] INFO  org.springframework.boot.web.servlet.AbstractFilterRegistrationBean.configure(AbstractFilterRegistrationBean.java:248) - Mapping filter: 'hiddenHttpMethodFilter' to: [/*]
16:38:21.368 [main] INFO  org.springframework.boot.web.servlet.AbstractFilterRegistrationBean.configure(AbstractFilterRegistrationBean.java:248) - Mapping filter: 'formContentFilter' to: [/*]
16:38:21.368 [main] INFO  org.springframework.boot.web.servlet.AbstractFilterRegistrationBean.configure(AbstractFilterRegistrationBean.java:248) - Mapping filter: 'requestContextFilter' to: [/*]
16:38:21.368 [main] INFO  org.springframework.boot.web.servlet.AbstractFilterRegistrationBean.configure(AbstractFilterRegistrationBean.java:248) - Mapping filter: 'httpTraceFilter' to: [/*]
16:38:21.368 [main] INFO  org.springframework.boot.web.servlet.AbstractFilterRegistrationBean.configure(AbstractFilterRegistrationBean.java:261) - Mapping filter: 'userFilter' to urls: [/*]
16:38:21.368 [main] INFO  org.springframework.boot.web.servlet.ServletRegistrationBean.addRegistration(ServletRegistrationBean.java:186) - Servlet dispatcherServlet mapped to [/]
16:38:21.382 [main] INFO  com.example.demo.common.UserListener.contextInitialized(UserListener.java:19) - ServletContext 上下文初始化
16:38:21.387 [main] INFO  com.example.demo.common.UserFilter.init(UserFilter.java:25) - ------------>> init
16:38:22.437 [main] INFO  org.springframework.scheduling.concurrent.ExecutorConfigurationSupport.initialize(ExecutorConfigurationSupport.java:171) - Initializing ExecutorService 'applicationTaskExecutor'
16:38:22.777 [main] INFO  org.springframework.scheduling.concurrent.ExecutorConfigurationSupport.initialize(ExecutorConfigurationSupport.java:171) - Initializing ExecutorService 'taskScheduler'
16:38:22.797 [main] INFO  org.springframework.boot.actuate.endpoint.web.EndpointLinksResolver.<init>(EndpointLinksResolver.java:59) - Exposing 2 endpoint(s) beneath base path '/actuator'
16:38:22.866 [main] INFO  org.apache.juli.logging.DirectJDKLog.log(DirectJDKLog.java:173) - Starting ProtocolHandler ["http-nio-8080"]
16:38:22.871 [main] INFO  org.apache.juli.logging.DirectJDKLog.log(DirectJDKLog.java:173) - Using a shared selector for servlet write/read
16:38:22.881 [main] INFO  org.springframework.boot.web.embedded.tomcat.TomcatWebServer.start(TomcatWebServer.java:204) - Tomcat started on port(s): 8080 (http) with context path ''
16:38:22.883 [main] INFO  org.springframework.boot.StartupInfoLogger.logStarted(StartupInfoLogger.java:59) - Started DemoApplication in 4.469 seconds (JVM running for 4.847)
16:38:37.009 [http-nio-8080-exec-1] INFO  org.apache.juli.logging.DirectJDKLog.log(DirectJDKLog.java:173) - Initializing Spring DispatcherServlet 'dispatcherServlet'
16:38:37.010 [http-nio-8080-exec-1] INFO  org.springframework.web.servlet.FrameworkServlet.initServletBean(FrameworkServlet.java:521) - Initializing Servlet 'dispatcherServlet'
16:38:37.020 [http-nio-8080-exec-1] INFO  org.springframework.web.servlet.FrameworkServlet.initServletBean(FrameworkServlet.java:543) - Completed initialization in 10 ms
16:38:37.037 [http-nio-8080-exec-1] INFO  com.example.demo.common.UserFilter.doFilter(UserFilter.java:33) - ------------>>> doFilter
16:38:40.001 [scheduling-1] INFO  com.example.demo.common.TestTask.runCurrent(TestTask.java:33) - 2018-11-29 16:38:40 quartz is running...
16:38:46.700 [http-nio-8080-exec-2] INFO  com.example.demo.common.UserFilter.doFilter(UserFilter.java:33) - ------------>>> doFilter
